Added Pin To Net: NetName=+3.3V Pin=C13-2
Added Pin To Net: NetName=+3.3V Pin=C14-2
Added Pin To Net: NetName=+3.3V Pin=C22-2
Added Pin To Net: NetName=+3.3V Pin=C23-2
Added Pin To Net: NetName=+3.3V Pin=C26-2
Added Pin To Net: NetName=+3.3V Pin=C27-2
Added Pin To Net: NetName=+3.3V Pin=J5-2
Added Pin To Net: NetName=+3.3V Pin=J6-1
Added Pin To Net: NetName=+3.3V Pin=M1-2
Added Pin To Net: NetName=+3.3V Pin=M2-2
Added Pin To Net: NetName=+3.3V Pin=M2-2
Added Pin To Net: NetName=+3.3V Pin=M2-2
Added Pin To Net: NetName=+3.3V Pin=R22-2
Added Pin To Net: NetName=+3.3V Pin=R23-2
Added Pin To Net: NetName=+3.3V Pin=R24-2
Added Pin To Net: NetName=+3.3V Pin=R31-2
Added Pin To Net: NetName=+3.3V Pin=R40-2
Added Pin To Net: NetName=+3.3V Pin=R57-1
Added Pin To Net: NetName=+3.3V Pin=R57-2
Added Pin To Net: NetName=+3.3V Pin=U4-2
Added Pin To Net: NetName=+3.3V Pin=U4-4
Added Pin To Net: NetName=+3.3V Pin=U6-10
Added Pin To Net: NetName=+3.3V Pin=U6-16
Added Pin To Net: NetName=+3.3V Pin=U7-10
Added Pin To Net: NetName=+3.3V Pin=U7-16
Added Net: Name=+3.3V
Added Pin To Net: NetName=+5V_USB Pin=C9-1
Added Pin To Net: NetName=+5V_USB Pin=C12-1
Added Pin To Net: NetName=+5V_USB Pin=L2-2
Added Pin To Net: NetName=+5V_USB Pin=R29-2
Added Pin To Net: NetName=+5V_USB Pin=R39-2
Added Pin To Net: NetName=+5V_USB Pin=U4-3
Added Net: Name=+5V_USB
Added Pin To Net: NetName=+5V Pin=C28-2
Added Pin To Net: NetName=+5V Pin=C29-2
Added Pin To Net: NetName=+5V Pin=C30-2
Added Pin To Net: NetName=+5V Pin=C31-2
Added Pin To Net: NetName=+5V Pin=E1-A
Added Pin To Net: NetName=+5V Pin=R12-2
Added Pin To Net: NetName=+5V Pin=R13-1
Added Pin To Net: NetName=+5V Pin=R17-2
Added Pin To Net: NetName=+5V Pin=R18-1
Added Net: Name=+5V
Added Pin To Net: NetName=+6V Pin=C16-2
Added Pin To Net: NetName=+6V Pin=D5-2
Added Pin To Net: NetName=+6V Pin=R26-1
Added Pin To Net: NetName=+6V Pin=R30-2
Added Pin To Net: NetName=+6V Pin=U5-8
Added Net: Name=+6V
Added Pin To Net: NetName=+12V Pin=C8-2
Added Pin To Net: NetName=+12V Pin=C19-2
Added Pin To Net: NetName=+12V Pin=D3-2
Added Pin To Net: NetName=+12V Pin=D12-1
Added Pin To Net: NetName=+12V Pin=D12-2
Added Pin To Net: NetName=+12V Pin=F1-2
Added Pin To Net: NetName=+12V Pin=IC1-1
Added Pin To Net: NetName=+12V Pin=J1-1
Added Pin To Net: NetName=+12V Pin=J2-1
Added Pin To Net: NetName=+12V Pin=Q8-2
Added Pin To Net: NetName=+12V Pin=R3-2
Added Pin To Net: NetName=+12V Pin=R9-2
Added Pin To Net: NetName=+12V Pin=R26-2
Added Pin To Net: NetName=+12V Pin=R27-2
Added Pin To Net: NetName=+12V Pin=R28-2
Added Pin To Net: NetName=+12V Pin=R38-2
Added Net: Name=+12V
Added Pin To Net: NetName=BUZZER Pin=M1-26
Added Pin To Net: NetName=BUZZER Pin=R47-1
Added Pin To Net: NetName=BUZZER Pin=R48-1
Added Net: Name=BUZZER
Added Pin To Net: NetName=DTH22 Pin=C6-2
Added Pin To Net: NetName=DTH22 Pin=J6-2
Added Pin To Net: NetName=DTH22 Pin=R24-1
Added Net: Name=DTH22
Added Pin To Net: NetName=ESP32_EN Pin=C4-2
Added Pin To Net: NetName=ESP32_EN Pin=J5-1
Added Pin To Net: NetName=ESP32_EN Pin=M1-3
Added Pin To Net: NetName=ESP32_EN Pin=R22-1
Added Pin To Net: NetName=ESP32_EN Pin=S1-2
Added Pin To Net: NetName=ESP32_EN Pin=S1-2
Added Net: Name=ESP32_EN
Added Pin To Net: NetName=ESP32_IO0 Pin=C5-2
Added Pin To Net: NetName=ESP32_IO0 Pin=J5-6
Added Pin To Net: NetName=ESP32_IO0 Pin=M1-25
Added Pin To Net: NetName=ESP32_IO0 Pin=R23-1
Added Pin To Net: NetName=ESP32_IO0 Pin=S2-2
Added Pin To Net: NetName=ESP32_IO0 Pin=S2-2
Added Net: Name=ESP32_IO0
Added Pin To Net: NetName=ESP32_RX0 Pin=J5-5
Added Pin To Net: NetName=ESP32_RX0 Pin=M1-34
Added Net: Name=ESP32_RX0
Added Pin To Net: NetName=ESP32_TX0 Pin=J5-3
Added Pin To Net: NetName=ESP32_TX0 Pin=M1-35
Added Net: Name=ESP32_TX0
Added Pin To Net: NetName=FANH- Pin=J2-2
Added Pin To Net: NetName=FANH- Pin=Q1-2
Added Net: Name=FANH-
Added Pin To Net: NetName=FANH_FAIL Pin=M1-4
Added Pin To Net: NetName=FANH_FAIL Pin=R7-1
Added Pin To Net: NetName=FANH_FAIL Pin=R8-2
Added Net: Name=FANH_FAIL
Added Pin To Net: NetName=FANH Pin=M1-16
Added Pin To Net: NetName=FANH Pin=R4-2
Added Net: Name=FANH
Added Pin To Net: NetName=FANV- Pin=J1-2
Added Pin To Net: NetName=FANV- Pin=R1-2
Added Pin To Net: NetName=FANV- Pin=R10-1
Added Net: Name=FANV-
Added Pin To Net: NetName=FANV_FAIL Pin=M1-5
Added Pin To Net: NetName=FANV_FAIL Pin=R11-2
Added Pin To Net: NetName=FANV_FAIL Pin=R53-1
Added Net: Name=FANV_FAIL
Added Pin To Net: NetName=GND Pin=C1-1
Added Pin To Net: NetName=GND Pin=C4-1
Added Pin To Net: NetName=GND Pin=C5-1
Added Pin To Net: NetName=GND Pin=C6-1
Added Pin To Net: NetName=GND Pin=C9-2
Added Pin To Net: NetName=GND Pin=C10-2
Added Pin To Net: NetName=GND Pin=C11-2
Added Pin To Net: NetName=GND Pin=C12-2
Added Pin To Net: NetName=GND Pin=C13-1
Added Pin To Net: NetName=GND Pin=C14-1
Added Pin To Net: NetName=GND Pin=C15-1
Added Pin To Net: NetName=GND Pin=C16-1
Added Pin To Net: NetName=GND Pin=C17-1
Added Pin To Net: NetName=GND Pin=C18-1
Added Pin To Net: NetName=GND Pin=C19-1
Added Pin To Net: NetName=GND Pin=C22-1
Added Pin To Net: NetName=GND Pin=C23-1
Added Pin To Net: NetName=GND Pin=C26-1
Added Pin To Net: NetName=GND Pin=C27-1
Added Pin To Net: NetName=GND Pin=C28-1
Added Pin To Net: NetName=GND Pin=C29-1
Added Pin To Net: NetName=GND Pin=C30-1
Added Pin To Net: NetName=GND Pin=C31-1
Added Pin To Net: NetName=GND Pin=D1-1
Added Pin To Net: NetName=GND Pin=D4-1
Added Pin To Net: NetName=GND Pin=D5-1
Added Pin To Net: NetName=GND Pin=D9-K
Added Pin To Net: NetName=GND Pin=D10-K
Added Pin To Net: NetName=GND Pin=D11-K
Added Pin To Net: NetName=GND Pin=F2-1
Added Pin To Net: NetName=GND Pin=F2-2
Added Pin To Net: NetName=GND Pin=IC1-3
Added Pin To Net: NetName=GND Pin=IC1-3
Added Pin To Net: NetName=GND Pin=J5-4
Added Pin To Net: NetName=GND Pin=J6-3
Added Pin To Net: NetName=GND Pin=J7-2
Added Pin To Net: NetName=GND Pin=J8-0
Added Pin To Net: NetName=GND Pin=J8-0
Added Pin To Net: NetName=GND Pin=J8-0
Added Pin To Net: NetName=GND Pin=J8-0
Added Pin To Net: NetName=GND Pin=J8-0
Added Pin To Net: NetName=GND Pin=J8-0
Added Pin To Net: NetName=GND Pin=J8-0
Added Pin To Net: NetName=GND Pin=J8-0
Added Pin To Net: NetName=GND Pin=J8-0
Added Pin To Net: NetName=GND Pin=J9-0
Added Pin To Net: NetName=GND Pin=J9-0
Added Pin To Net: NetName=GND Pin=J9-0
Added Pin To Net: NetName=GND Pin=J9-0
Added Pin To Net: NetName=GND Pin=J9-0
Added Pin To Net: NetName=GND Pin=J9-0
Added Pin To Net: NetName=GND Pin=J9-0
Added Pin To Net: NetName=GND Pin=J9-0
Added Pin To Net: NetName=GND Pin=J9-0
Added Pin To Net: NetName=GND Pin=J10-0
Added Pin To Net: NetName=GND Pin=J10-0
Added Pin To Net: NetName=GND Pin=J10-0
Added Pin To Net: NetName=GND Pin=J10-0
Added Pin To Net: NetName=GND Pin=J10-0
Added Pin To Net: NetName=GND Pin=J10-0
Added Pin To Net: NetName=GND Pin=J10-0
Added Pin To Net: NetName=GND Pin=J10-0
Added Pin To Net: NetName=GND Pin=J10-0
Added Pin To Net: NetName=GND Pin=J11-0
Added Pin To Net: NetName=GND Pin=J11-0
Added Pin To Net: NetName=GND Pin=J11-0
Added Pin To Net: NetName=GND Pin=J11-0
Added Pin To Net: NetName=GND Pin=J11-0
Added Pin To Net: NetName=GND Pin=J11-0
Added Pin To Net: NetName=GND Pin=J11-0
Added Pin To Net: NetName=GND Pin=J11-0
Added Pin To Net: NetName=GND Pin=J11-0
Added Pin To Net: NetName=GND Pin=M1-1
Added Pin To Net: NetName=GND Pin=M1-15
Added Pin To Net: NetName=GND Pin=M1-38
Added Pin To Net: NetName=GND Pin=M2-1
Added Pin To Net: NetName=GND Pin=Q2-3
Added Pin To Net: NetName=GND Pin=Q4-3
Added Pin To Net: NetName=GND Pin=Q6-3
Added Pin To Net: NetName=GND Pin=Q7-3
Added Pin To Net: NetName=GND Pin=Q8-1
Added Pin To Net: NetName=GND Pin=Q9-3
Added Pin To Net: NetName=GND Pin=R1-1
Added Pin To Net: NetName=GND Pin=R2-1
Added Pin To Net: NetName=GND Pin=R5-2
Added Pin To Net: NetName=GND Pin=R7-2
Added Pin To Net: NetName=GND Pin=R16-2
Added Pin To Net: NetName=GND Pin=R21-2
Added Pin To Net: NetName=GND Pin=R25-1
Added Pin To Net: NetName=GND Pin=R34-1
Added Pin To Net: NetName=GND Pin=R35-1
Added Pin To Net: NetName=GND Pin=R36-1
Added Pin To Net: NetName=GND Pin=R37-1
Added Pin To Net: NetName=GND Pin=R43-1
Added Pin To Net: NetName=GND Pin=R44-2
Added Pin To Net: NetName=GND Pin=R45-2
Added Pin To Net: NetName=GND Pin=R46-2
Added Pin To Net: NetName=GND Pin=R48-2
Added Pin To Net: NetName=GND Pin=R49-1
Added Pin To Net: NetName=GND Pin=R51-1
Added Pin To Net: NetName=GND Pin=R53-2
Added Pin To Net: NetName=GND Pin=S1-1
Added Pin To Net: NetName=GND Pin=S1-1
Added Pin To Net: NetName=GND Pin=S2-1
Added Pin To Net: NetName=GND Pin=S2-1
Added Pin To Net: NetName=GND Pin=U1-4
Added Pin To Net: NetName=GND Pin=U4-1
Added Pin To Net: NetName=GND Pin=U5-4
Added Pin To Net: NetName=GND Pin=U6-8
Added Pin To Net: NetName=GND Pin=U6-13
Added Pin To Net: NetName=GND Pin=U7-8
Added Pin To Net: NetName=GND Pin=U7-13
Added Net: Name=GND
Added Pin To Net: NetName=HEATER Pin=M1-24
Added Pin To Net: NetName=HEATER Pin=R15-1
Added Pin To Net: NetName=HEATER Pin=R16-1
Added Net: Name=HEATER
Added Pin To Net: NetName=KEY_DRV_0 Pin=M1-13
Added Net: Name=KEY_DRV_0
Added Pin To Net: NetName=KEY_DRV_1 Pin=M1-23
Added Net: Name=KEY_DRV_1
Added Pin To Net: NetName=KEY_SEN_0 Pin=M1-10
Added Pin To Net: NetName=KEY_SEN_0 Pin=R44-1
Added Net: Name=KEY_SEN_0
Added Pin To Net: NetName=KEY_SEN_1 Pin=M1-11
Added Pin To Net: NetName=KEY_SEN_1 Pin=R45-1
Added Net: Name=KEY_SEN_1
Added Pin To Net: NetName=KEY_SEN_2 Pin=M1-12
Added Pin To Net: NetName=KEY_SEN_2 Pin=R46-1
Added Net: Name=KEY_SEN_2
Added Pin To Net: NetName=LCD_CS Pin=M2-3
Added Pin To Net: NetName=LCD_CS Pin=U7-7
Added Net: Name=LCD_CS
Added Pin To Net: NetName=LCD_DB0 Pin=M2-9
Added Pin To Net: NetName=LCD_DB0 Pin=U6-7
Added Net: Name=LCD_DB0
Added Pin To Net: NetName=LCD_DB1 Pin=M2-10
Added Pin To Net: NetName=LCD_DB1 Pin=U6-6
Added Net: Name=LCD_DB1
Added Pin To Net: NetName=LCD_DB2 Pin=M2-11
Added Pin To Net: NetName=LCD_DB2 Pin=U6-5
Added Net: Name=LCD_DB2
Added Pin To Net: NetName=LCD_DB3 Pin=M2-12
Added Pin To Net: NetName=LCD_DB3 Pin=U6-4
Added Net: Name=LCD_DB3
Added Pin To Net: NetName=LCD_DB4 Pin=M2-13
Added Pin To Net: NetName=LCD_DB4 Pin=U6-3
Added Net: Name=LCD_DB4
Added Pin To Net: NetName=LCD_DB5 Pin=M2-14
Added Pin To Net: NetName=LCD_DB5 Pin=U6-2
Added Net: Name=LCD_DB5
Added Pin To Net: NetName=LCD_DB6 Pin=M2-15
Added Pin To Net: NetName=LCD_DB6 Pin=U6-1
Added Net: Name=LCD_DB6
Added Pin To Net: NetName=LCD_DB7 Pin=M2-16
Added Pin To Net: NetName=LCD_DB7 Pin=U6-15
Added Net: Name=LCD_DB7
Added Pin To Net: NetName=LCD_LED Pin=M2-8
Added Pin To Net: NetName=LCD_LED Pin=U7-1
Added Net: Name=LCD_LED
Added Pin To Net: NetName=LCD_RCLK Pin=M1-36
Added Pin To Net: NetName=LCD_RCLK Pin=U6-12
Added Pin To Net: NetName=LCD_RCLK Pin=U7-12
Added Net: Name=LCD_RCLK
Added Pin To Net: NetName=LCD_RD Pin=M2-6
Added Pin To Net: NetName=LCD_RD Pin=U7-3
Added Net: Name=LCD_RD
Added Pin To Net: NetName=LCD_RS Pin=M2-4
Added Pin To Net: NetName=LCD_RS Pin=U7-5
Added Net: Name=LCD_RS
Added Pin To Net: NetName=LCD_RST Pin=M2-7
Added Pin To Net: NetName=LCD_RST Pin=U7-2
Added Net: Name=LCD_RST
Added Pin To Net: NetName=LCD_SER Pin=M1-37
Added Pin To Net: NetName=LCD_SER Pin=U6-14
Added Net: Name=LCD_SER
Added Pin To Net: NetName=LCD_SRCLK Pin=M1-33
Added Pin To Net: NetName=LCD_SRCLK Pin=U6-11
Added Pin To Net: NetName=LCD_SRCLK Pin=U7-11
Added Net: Name=LCD_SRCLK
Added Pin To Net: NetName=LCD_WR Pin=M2-5
Added Pin To Net: NetName=LCD_WR Pin=U7-4
Added Net: Name=LCD_WR
Added Pin To Net: NetName=NetC2_1 Pin=C2-1
Added Pin To Net: NetName=NetC2_1 Pin=J3-2
Added Pin To Net: NetName=NetC2_1 Pin=Q3-1
Added Net: Name=NetC2_1
Added Pin To Net: NetName=NetC2_2 Pin=C2-2
Added Pin To Net: NetName=NetC2_2 Pin=R14-1
Added Net: Name=NetC2_2
Added Pin To Net: NetName=NetC3_1 Pin=C3-1
Added Pin To Net: NetName=NetC3_1 Pin=J4-2
Added Pin To Net: NetName=NetC3_1 Pin=Q5-1
Added Net: Name=NetC3_1
Added Pin To Net: NetName=NetC3_2 Pin=C3-2
Added Pin To Net: NetName=NetC3_2 Pin=R19-1
Added Net: Name=NetC3_2
Added Pin To Net: NetName=NetC7_1 Pin=C7-1
Added Pin To Net: NetName=NetC7_1 Pin=C15-2
Added Net: Name=NetC7_1
Added Pin To Net: NetName=NetC7_2 Pin=C7-2
Added Pin To Net: NetName=NetC7_2 Pin=J7-1
Added Pin To Net: NetName=NetC7_2 Pin=L1-1
Added Net: Name=NetC7_2
Added Pin To Net: NetName=NetC8_1 Pin=C8-1
Added Pin To Net: NetName=NetC8_1 Pin=IC1-5
Added Pin To Net: NetName=NetC8_1 Pin=R32-1
Added Net: Name=NetC8_1
Added Pin To Net: NetName=NetC10_1 Pin=C10-1
Added Pin To Net: NetName=NetC10_1 Pin=C11-1
Added Pin To Net: NetName=NetC10_1 Pin=F1-1
Added Pin To Net: NetName=NetC10_1 Pin=L1-2
Added Pin To Net: NetName=NetC10_1 Pin=R25-2
Added Net: Name=NetC10_1
Added Pin To Net: NetName=NetC17_2 Pin=C17-2
Added Pin To Net: NetName=NetC17_2 Pin=R30-1
Added Pin To Net: NetName=NetC17_2 Pin=R35-2
Added Pin To Net: NetName=NetC17_2 Pin=U5-2
Added Pin To Net: NetName=NetC17_2 Pin=U5-6
Added Net: Name=NetC17_2
Added Pin To Net: NetName=NetC18_2 Pin=C18-2
Added Pin To Net: NetName=NetC18_2 Pin=R31-1
Added Pin To Net: NetName=NetC18_2 Pin=R36-2
Added Pin To Net: NetName=NetC18_2 Pin=R42-1
Added Net: Name=NetC18_2
Added Pin To Net: NetName=NetD3_1 Pin=D3-1
Added Pin To Net: NetName=NetD3_1 Pin=D4-2
Added Pin To Net: NetName=NetD3_1 Pin=IC1-2
Added Pin To Net: NetName=NetD3_1 Pin=L2-1
Added Net: Name=NetD3_1
Added Pin To Net: NetName=NetD6_1 Pin=D6-1
Added Pin To Net: NetName=NetD6_1 Pin=Q7-1
Added Pin To Net: NetName=NetD6_1 Pin=R37-2
Added Net: Name=NetD6_1
Added Pin To Net: NetName=NetD6_2 Pin=D6-2
Added Pin To Net: NetName=NetD6_2 Pin=R27-1
Added Net: Name=NetD6_2
Added Pin To Net: NetName=NetD7_1 Pin=D7-1
Added Pin To Net: NetName=NetD7_1 Pin=U5-1
Added Net: Name=NetD7_1
Added Pin To Net: NetName=NetD7_2 Pin=D7-2
Added Pin To Net: NetName=NetD7_2 Pin=D8-2
Added Pin To Net: NetName=NetD7_2 Pin=R43-2
Added Net: Name=NetD7_2
Added Pin To Net: NetName=NetD8_1 Pin=D8-1
Added Pin To Net: NetName=NetD8_1 Pin=U5-7
Added Net: Name=NetD8_1
Added Pin To Net: NetName=NetD9_A Pin=D9-A
Added Pin To Net: NetName=NetD9_A Pin=R38-1
Added Net: Name=NetD9_A
Added Pin To Net: NetName=NetD10_A Pin=D10-A
Added Pin To Net: NetName=NetD10_A Pin=R39-1
Added Net: Name=NetD10_A
Added Pin To Net: NetName=NetD11_A Pin=D11-A
Added Pin To Net: NetName=NetD11_A Pin=R40-1
Added Net: Name=NetD11_A
Added Pin To Net: NetName=NetE1_K Pin=E1-K
Added Pin To Net: NetName=NetE1_K Pin=Q9-2
Added Net: Name=NetE1_K
Added Pin To Net: NetName=NetIC1_4 Pin=IC1-4
Added Pin To Net: NetName=NetIC1_4 Pin=R29-1
Added Pin To Net: NetName=NetIC1_4 Pin=R33-2
Added Pin To Net: NetName=NetIC1_4 Pin=R34-2
Added Net: Name=NetIC1_4
Added Pin To Net: NetName=NetJ3_1 Pin=J3-1
Added Pin To Net: NetName=NetJ3_1 Pin=Q3-2
Added Pin To Net: NetName=NetJ3_1 Pin=R14-2
Added Pin To Net: NetName=NetJ3_1 Pin=U2-6
Added Net: Name=NetJ3_1
Added Pin To Net: NetName=NetJ4_1 Pin=J4-1
Added Pin To Net: NetName=NetJ4_1 Pin=Q5-2
Added Pin To Net: NetName=NetJ4_1 Pin=R19-2
Added Pin To Net: NetName=NetJ4_1 Pin=U3-6
Added Net: Name=NetJ4_1
Added Pin To Net: NetName=NetQ1_1 Pin=Q1-1
Added Pin To Net: NetName=NetQ1_1 Pin=Q2-2
Added Pin To Net: NetName=NetQ1_1 Pin=R3-1
Added Net: Name=NetQ1_1
Added Pin To Net: NetName=NetQ1_3 Pin=Q1-3
Added Pin To Net: NetName=NetQ1_3 Pin=R2-2
Added Pin To Net: NetName=NetQ1_3 Pin=R6-1
Added Net: Name=NetQ1_3
Added Pin To Net: NetName=NetQ2_1 Pin=Q2-1
Added Pin To Net: NetName=NetQ2_1 Pin=R4-1
Added Pin To Net: NetName=NetQ2_1 Pin=R5-1
Added Net: Name=NetQ2_1
Added Pin To Net: NetName=NetQ3_3 Pin=Q3-3
Added Pin To Net: NetName=NetQ3_3 Pin=U2-4
Added Net: Name=NetQ3_3
Added Pin To Net: NetName=NetQ4_1 Pin=Q4-1
Added Pin To Net: NetName=NetQ4_1 Pin=R15-2
Added Net: Name=NetQ4_1
Added Pin To Net: NetName=NetQ4_2 Pin=Q4-2
Added Pin To Net: NetName=NetQ4_2 Pin=R13-2
Added Pin To Net: NetName=NetQ4_2 Pin=U2-2
Added Net: Name=NetQ4_2
Added Pin To Net: NetName=NetQ5_3 Pin=Q5-3
Added Pin To Net: NetName=NetQ5_3 Pin=U3-4
Added Net: Name=NetQ5_3
Added Pin To Net: NetName=NetQ6_1 Pin=Q6-1
Added Pin To Net: NetName=NetQ6_1 Pin=R20-2
Added Net: Name=NetQ6_1
Added Pin To Net: NetName=NetQ6_2 Pin=Q6-2
Added Pin To Net: NetName=NetQ6_2 Pin=R18-2
Added Pin To Net: NetName=NetQ6_2 Pin=U3-2
Added Net: Name=NetQ6_2
Added Pin To Net: NetName=NetQ7_2 Pin=Q7-2
Added Pin To Net: NetName=NetQ7_2 Pin=R28-1
Added Pin To Net: NetName=NetQ7_2 Pin=R32-2
Added Net: Name=NetQ7_2
Added Pin To Net: NetName=NetQ9_1 Pin=Q9-1
Added Pin To Net: NetName=NetQ9_1 Pin=R47-2
Added Net: Name=NetQ9_1
Added Pin To Net: NetName=NetR6_2 Pin=R6-2
Added Pin To Net: NetName=NetR6_2 Pin=U1-5
Added Net: Name=NetR6_2
Added Pin To Net: NetName=NetR8_1 Pin=R8-1
Added Pin To Net: NetName=NetR8_1 Pin=R50-2
Added Pin To Net: NetName=NetR8_1 Pin=U1-7
Added Net: Name=NetR8_1
Added Pin To Net: NetName=NetR10_2 Pin=R10-2
Added Pin To Net: NetName=NetR10_2 Pin=U1-3
Added Net: Name=NetR10_2
Added Pin To Net: NetName=NetR11_1 Pin=R11-1
Added Pin To Net: NetName=NetR11_1 Pin=R52-2
Added Pin To Net: NetName=NetR11_1 Pin=U1-1
Added Net: Name=NetR11_1
Added Pin To Net: NetName=NetR12_1 Pin=R12-1
Added Pin To Net: NetName=NetR12_1 Pin=U2-1
Added Net: Name=NetR12_1
Added Pin To Net: NetName=NetR17_1 Pin=R17-1
Added Pin To Net: NetName=NetR17_1 Pin=U3-1
Added Net: Name=NetR17_1
Added Pin To Net: NetName=NetR33_1 Pin=R33-1
Added Pin To Net: NetName=NetR33_1 Pin=U5-3
Added Net: Name=NetR33_1
Added Pin To Net: NetName=NetR42_2 Pin=R42-2
Added Pin To Net: NetName=NetR42_2 Pin=U5-5
Added Net: Name=NetR42_2
Added Pin To Net: NetName=NetR49_2 Pin=R49-2
Added Pin To Net: NetName=NetR49_2 Pin=R50-1
Added Pin To Net: NetName=NetR49_2 Pin=U1-6
Added Net: Name=NetR49_2
Added Pin To Net: NetName=NetR51_2 Pin=R51-2
Added Pin To Net: NetName=NetR51_2 Pin=R52-1
Added Pin To Net: NetName=NetR51_2 Pin=U1-2
Added Net: Name=NetR51_2
Added Pin To Net: NetName=NetU6_9 Pin=U6-9
Added Pin To Net: NetName=NetU6_9 Pin=U7-14
Added Net: Name=NetU6_9
Added Pin To Net: NetName=TURN Pin=R20-1
Added Pin To Net: NetName=TURN Pin=R21-1
Added Net: Name=TURN
Added Pin To Net: NetName=V2+ Pin=C1-2
Added Pin To Net: NetName=V2+ Pin=D1-2
Added Pin To Net: NetName=V2+ Pin=R9-1
Added Pin To Net: NetName=V2+ Pin=U1-8
Added Net: Name=V2+
Added Member To Class: ClassName=ADC_DATA - 150mil Member=Wire LCD_RCLK
Added Member To Class: ClassName=ADC_DATA - 150mil Member=Wire LCD_SER
Added Member To Class: ClassName=ADC_DATA - 150mil Member=Wire LCD_SRCLK
