Change Component Comment : Designator=J12 Old Comment=JUMPER New Comment=KEYPAD
Added Member To Class: ClassName=[SCH]_IO Member=Component C1 104
Added Member To Class: ClassName=[SCH]_IO Member=Component C2 104
Added Member To Class: ClassName=[SCH]_IO Member=Component C3 104
Added Member To Class: ClassName=[SCH]_MainProcessor Member=Component C4 103
Added Member To Class: ClassName=[SCH]_MainProcessor Member=Component C5 103
Added Member To Class: ClassName=[SCH]_MainProcessor Member=Component C6 102
Added Member To Class: ClassName=[SCH]_Power Member=Component C7 104
Added Member To Class: ClassName=[SCH]_Power Member=Component C8 104
Added Member To Class: ClassName=[SCH]_Power Member=Component C9 226
Added Member To Class: ClassName=[SCH]_Power Member=Component C10 226
Added Member To Class: ClassName=[SCH]_Power Member=Component C11 226
Added Member To Class: ClassName=[SCH]_Power Member=Component C12 226
Added Member To Class: ClassName=[SCH]_Power Member=Component C13 105
Added Member To Class: ClassName=[SCH]_Power Member=Component C14 103
Added Member To Class: ClassName=[SCH]_Power Member=Component C15 104
Added Member To Class: ClassName=[SCH]_Power Member=Component C16 104
Added Member To Class: ClassName=[SCH]_Power Member=Component C17 104
Added Member To Class: ClassName=[SCH]_Power Member=Component C18 104
Added Member To Class: ClassName=[SCH]_Power Member=Component C19 104
Added Member To Class: ClassName=[SCH]_Power Member=Component C22 104
Added Member To Class: ClassName=[SCH]_Power Member=Component C23 106
Added Member To Class: ClassName=[SCH]_Power Member=Component C26 104
Added Member To Class: ClassName=[SCH]_Power Member=Component C27 106
Added Member To Class: ClassName=[SCH]_Power Member=Component C28 106
Added Member To Class: ClassName=[SCH]_Power Member=Component C29 104
Added Member To Class: ClassName=[SCH]_Power Member=Component C30 104
Added Member To Class: ClassName=[SCH]_Power Member=Component C31 106
Added Member To Class: ClassName=[SCH]_IO Member=Component D1 6V
Added Member To Class: ClassName=[SCH]_Power Member=Component D3 1N4001
Added Member To Class: ClassName=[SCH]_Power Member=Component D4 BAT60
Added Member To Class: ClassName=[SCH]_Power Member=Component D5 6V
Added Member To Class: ClassName=[SCH]_Power Member=Component D6 9V
Added Member To Class: ClassName=[SCH]_Power Member=Component D7 1N4001
Added Member To Class: ClassName=[SCH]_Power Member=Component D8 1N4001
Added Member To Class: ClassName=[SCH]_Power Member=Component D9 12V
Added Member To Class: ClassName=[SCH]_Power Member=Component D10 5V
Added Member To Class: ClassName=[SCH]_Power Member=Component D11 3.3V
Added Member To Class: ClassName=[SCH]_Power Member=Component D12 1N4001
Added Member To Class: ClassName=[SCH]_HMI Member=Component E1 PKM5
Added Member To Class: ClassName=[SCH]_Power Member=Component F1 2A
Added Member To Class: ClassName=[SCH]_Power Member=Component F2 2A
Added Member To Class: ClassName=[SCH]_Power Member=Component IC1 LM2596
Added Member To Class: ClassName=[SCH]_IO Member=Component J1 FAN-HUMI
Added Member To Class: ClassName=[SCH]_IO Member=Component J2 FAN-VENT
Added Member To Class: ClassName=[SCH]_IO Member=Component J3 HEATER
Added Member To Class: ClassName=[SCH]_IO Member=Component J4 TURN
Added Member To Class: ClassName=[SCH]_MainProcessor Member=Component J5 PROGRAM
Added Member To Class: ClassName=[SCH]_MainProcessor Member=Component J6 DHT22
Added Member To Class: ClassName=[SCH]_Power Member=Component J7 POWER
Added Member To Class: ClassName=[SCH]_Power Member=Component J8 MASS 3MM
Added Member To Class: ClassName=[SCH]_Power Member=Component J9 MASS 3MM
Added Member To Class: ClassName=[SCH]_Power Member=Component J10 MASS 3MM
Added Member To Class: ClassName=[SCH]_Power Member=Component J11 MASS 3MM
Added Member To Class: ClassName=[SCH]_HMI Member=Component J12 KEYPAD
Added Member To Class: ClassName=[SCH]_Power Member=Component L1 33uH
Added Member To Class: ClassName=[SCH]_Power Member=Component L2 33uH
Added Member To Class: ClassName=[SCH]_Power Member=Component M1 ESP32-S
Added Member To Class: ClassName=[SCH]_HMI Member=Component M2 ST7775R
Added Member To Class: ClassName=[SCH]_IO Member=Component Q1 AO3416
Added Member To Class: ClassName=[SCH]_IO Member=Component Q2 NPN
Added Member To Class: ClassName=[SCH]_IO Member=Component Q3 BT137
Added Member To Class: ClassName=[SCH]_IO Member=Component Q4 C1815
Added Member To Class: ClassName=[SCH]_IO Member=Component Q5 BT137
Added Member To Class: ClassName=[SCH]_IO Member=Component Q6 C1815
Added Member To Class: ClassName=[SCH]_Power Member=Component Q7 C1815
Added Member To Class: ClassName=[SCH]_Power Member=Component Q8 BT136
Added Member To Class: ClassName=[SCH]_HMI Member=Component Q9 C1815
Added Member To Class: ClassName=[SCH]_IO Member=Component R1 RES-2512-4.7R
Added Member To Class: ClassName=[SCH]_IO Member=Component R2 RES-2512-4.7R
Added Member To Class: ClassName=[SCH]_IO Member=Component R3 RES-2512-4.7R
Added Member To Class: ClassName=[SCH]_IO Member=Component R4 RES-2512-4.7R
Added Member To Class: ClassName=[SCH]_IO Member=Component R5 RES-2512-4.7R
Added Member To Class: ClassName=[SCH]_IO Member=Component R6 RES-2512-4.7R
Added Member To Class: ClassName=[SCH]_IO Member=Component R7 RES-2512-4.7R
Added Member To Class: ClassName=[SCH]_IO Member=Component R8 RES-2512-4.7R
Added Member To Class: ClassName=[SCH]_IO Member=Component R9 R0805
Added Member To Class: ClassName=[SCH]_IO Member=Component R10 RES-2512-4.7R
Added Member To Class: ClassName=[SCH]_IO Member=Component R11 RES-2512-4.7R
Added Member To Class: ClassName=[SCH]_IO Member=Component R12 RES-2512-4.7R
Added Member To Class: ClassName=[SCH]_IO Member=Component R13 RES-2512-4.7R
Added Member To Class: ClassName=[SCH]_IO Member=Component R14 RES
Added Member To Class: ClassName=[SCH]_IO Member=Component R15 RES-2512-4.7R
Added Member To Class: ClassName=[SCH]_IO Member=Component R16 RES-2512-4.7R
Added Member To Class: ClassName=[SCH]_IO Member=Component R17 RES-2512-4.7R
Added Member To Class: ClassName=[SCH]_IO Member=Component R18 RES-2512-4.7R
Added Member To Class: ClassName=[SCH]_IO Member=Component R19 RES
Added Member To Class: ClassName=[SCH]_IO Member=Component R20 RES-2512-4.7R
Added Member To Class: ClassName=[SCH]_IO Member=Component R21 RES-2512-4.7R
Added Member To Class: ClassName=[SCH]_MainProcessor Member=Component R22 R0805
Added Member To Class: ClassName=[SCH]_MainProcessor Member=Component R23 R0805
Added Member To Class: ClassName=[SCH]_MainProcessor Member=Component R24 R0805
Added Member To Class: ClassName=[SCH]_Power Member=Component R25 R0805
Added Member To Class: ClassName=[SCH]_Power Member=Component R26 R0805
Added Member To Class: ClassName=[SCH]_Power Member=Component R27 R0805
Added Member To Class: ClassName=[SCH]_Power Member=Component R28 R0805
Added Member To Class: ClassName=[SCH]_Power Member=Component R29 R0805
Added Member To Class: ClassName=[SCH]_Power Member=Component R30 R0805
Added Member To Class: ClassName=[SCH]_Power Member=Component R31 R0805
Added Member To Class: ClassName=[SCH]_Power Member=Component R32 R0805
Added Member To Class: ClassName=[SCH]_Power Member=Component R33 R0805
Added Member To Class: ClassName=[SCH]_Power Member=Component R34 R0805
Added Member To Class: ClassName=[SCH]_Power Member=Component R35 R0805
Added Member To Class: ClassName=[SCH]_Power Member=Component R36 R0805
Added Member To Class: ClassName=[SCH]_Power Member=Component R37 R0805
Added Member To Class: ClassName=[SCH]_Power Member=Component R38 R0805
Added Member To Class: ClassName=[SCH]_Power Member=Component R39 R0805
Added Member To Class: ClassName=[SCH]_Power Member=Component R40 R0805
Added Member To Class: ClassName=[SCH]_Power Member=Component R41 R0805
Added Member To Class: ClassName=[SCH]_Power Member=Component R42 R0805
Added Member To Class: ClassName=[SCH]_Power Member=Component R43 R0805
Added Member To Class: ClassName=[SCH]_HMI Member=Component R44 RES-2512-4.7R
Added Member To Class: ClassName=[SCH]_HMI Member=Component R45 RES-2512-4.7R
Added Member To Class: ClassName=[SCH]_HMI Member=Component R46 RES-2512-4.7R
Added Member To Class: ClassName=[SCH]_HMI Member=Component R47 RES-2512-4.7R
Added Member To Class: ClassName=[SCH]_HMI Member=Component R48 RES-2512-4.7R
Added Member To Class: ClassName=[SCH]_IO Member=Component R49 RES-2512-4.7R
Added Member To Class: ClassName=[SCH]_IO Member=Component R50 RES-2512-4.7R
Added Member To Class: ClassName=[SCH]_IO Member=Component R51 RES-2512-4.7R
Added Member To Class: ClassName=[SCH]_IO Member=Component R52 RES-2512-4.7R
Added Member To Class: ClassName=[SCH]_IO Member=Component R53 RES-2512-4.7R
Added Member To Class: ClassName=[SCH]_HMI Member=Component R54 R0805
Added Member To Class: ClassName=[SCH]_HMI Member=Component R55 R0805
Added Member To Class: ClassName=[SCH]_HMI Member=Component R56 R0805
Added Member To Class: ClassName=[SCH]_HMI Member=Component R57 R0805
Added Member To Class: ClassName=[SCH]_MainProcessor Member=Component S1 RESET
Added Member To Class: ClassName=[SCH]_MainProcessor Member=Component S2 BOOT
Added Member To Class: ClassName=[SCH]_IO Member=Component U1 LM358
Added Member To Class: ClassName=[SCH]_IO Member=Component U2 MOC3020Z
Added Member To Class: ClassName=[SCH]_IO Member=Component U3 MOC3020Z
Added Member To Class: ClassName=[SCH]_Power Member=Component U4 AMS1117
Added Member To Class: ClassName=[SCH]_Power Member=Component U5 LM358
Added Member To Class: ClassName=[SCH]_HMI Member=Component U6 74595
Added Member To Class: ClassName=[SCH]_HMI Member=Component U7 74595
