Removed Pin From Net: NetName=GND Pin=C20-1
Removed Pin From Net: NetName=+5V Pin=C20-2
Removed Pin From Net: NetName=GND Pin=C21-1
Removed Pin From Net: NetName=+5V Pin=C21-2
Removed Pin From Net: NetName=+3.3V Pin=C28-2
Removed Pin From Net: NetName=+3.3V Pin=C29-2
Removed Pin From Net: NetName=+3.3V Pin=C30-2
Removed Pin From Net: NetName=+3.3V Pin=C31-2
Removed Member From Class: ClassName=[SCH]_Power Member=C20
Removed Member From Class: ClassName=[SCH]_Power Member=C21
Added Pin To Net: NetName=+5V Pin=C28-2
Added Pin To Net: NetName=+5V Pin=C29-2
Added Pin To Net: NetName=+5V Pin=C30-2
Added Pin To Net: NetName=+5V Pin=C31-2
Added Pin To Net: NetName=KEY_SEN_0 Pin=S3-1
Added Pin To Net: NetName=KEY_SEN_1 Pin=S4-1
Added Pin To Net: NetName=KEY_SEN_2 Pin=S5-1
Added Pin To Net: NetName=KEY_SEN_0 Pin=S6-1
Added Pin To Net: NetName=KEY_SEN_1 Pin=S7-1
Added Pin To Net: NetName=KEY_SEN_2 Pin=S8-1
Added Pin To Net: NetName=V2+ Pin=U1-8
