Removed Pin From Net: NetName=ESP32_TX0 Pin=M1-31
Removed Pin From Net: NetName=ESP32_RX0 Pin=M1-32
Removed Pin From Net: NetName=NetD7_2 Pin=R41-1
Removed Pin From Net: NetName=NetQ8_3 Pin=R41-2
Removed Pin From Net: NetName=LCD_SRCLK Pin=R54-1
Removed Pin From Net: NetName=LCD_SRCLK Pin=R54-2
Removed Pin From Net: NetName=LCD_RCLK Pin=R55-1
Removed Pin From Net: NetName=LCD_RCLK Pin=R55-2
Removed Pin From Net: NetName=LCD_SER Pin=R56-1
Removed Pin From Net: NetName=LCD_SER Pin=R56-2
Removed Pin From Net: NetName=NetU6_9 Pin=U7-15
Change component parameters: Designator = "R54"; Footprint = "RES-SMD-0805"; UniqueID = "\FWUNVVHL"
Change component parameters. Clean all parameters for all variants
Change component parameters (AddParameter): Name = "PackageDescription"; Value = "Chip Resistor"; VariantName = "[No Variations]"
Change component parameters (AddParameter): Name = "PackageReference"; Value = "J1-0805"; VariantName = "[No Variations]"
Change component parameters (AddParameter): Name = "Price"; Value = "0.005"; VariantName = "[No Variations]"
Change component parameters (AddParameter): Name = "Supplier Part Number 1"; Value = "311-1.00KLRCT-ND"; VariantName = "[No Variations]"
Change component parameters (AddParameter): Name = "Value"; Value = "0"; VariantName = "[No Variations]"
Change component parameters: Designator = "R55"; Footprint = "RES-SMD-0805"; UniqueID = "\JFEVEMRU"
Change component parameters. Clean all parameters for all variants
Change component parameters (AddParameter): Name = "PackageDescription"; Value = "Chip Resistor"; VariantName = "[No Variations]"
Change component parameters (AddParameter): Name = "PackageReference"; Value = "J1-0805"; VariantName = "[No Variations]"
Change component parameters (AddParameter): Name = "Price"; Value = "0.005"; VariantName = "[No Variations]"
Change component parameters (AddParameter): Name = "Supplier Part Number 1"; Value = "311-1.00KLRCT-ND"; VariantName = "[No Variations]"
Change component parameters (AddParameter): Name = "Value"; Value = "0"; VariantName = "[No Variations]"
Change component parameters: Designator = "R56"; Footprint = "RES-SMD-0805"; UniqueID = "\RWOPEINV"
Change component parameters. Clean all parameters for all variants
Change component parameters (AddParameter): Name = "PackageDescription"; Value = "Chip Resistor"; VariantName = "[No Variations]"
Change component parameters (AddParameter): Name = "PackageReference"; Value = "J1-0805"; VariantName = "[No Variations]"
Change component parameters (AddParameter): Name = "Price"; Value = "0.005"; VariantName = "[No Variations]"
Change component parameters (AddParameter): Name = "Supplier Part Number 1"; Value = "311-1.00KLRCT-ND"; VariantName = "[No Variations]"
Change component parameters (AddParameter): Name = "Value"; Value = "0"; VariantName = "[No Variations]"
Change component parameters: Designator = "R57"; Footprint = "RES-SMD-0805"; UniqueID = "\UUHNBGCY"
Change component parameters. Clean all parameters for all variants
Change component parameters (AddParameter): Name = "PackageDescription"; Value = "Chip Resistor"; VariantName = "[No Variations]"
Change component parameters (AddParameter): Name = "PackageReference"; Value = "J1-0805"; VariantName = "[No Variations]"
Change component parameters (AddParameter): Name = "Price"; Value = "0.005"; VariantName = "[No Variations]"
Change component parameters (AddParameter): Name = "Supplier Part Number 1"; Value = "311-1.00KLRCT-ND"; VariantName = "[No Variations]"
Change component parameters (AddParameter): Name = "Value"; Value = "0"; VariantName = "[No Variations]"
Added Pin To Net: NetName=NetQ8_3 Pin=R41-1
Added Pin To Net: NetName=NetD7_2 Pin=R41-2
Added Member To Class: ClassName=[SCH]_Power Member=Component D12 1N4001
Added Member To Class: ClassName=[SCH]_Power Member=Component F2 2A
Added Member To Class: ClassName=[SCH]_Power Member=Component R54 R0805
Added Member To Class: ClassName=[SCH]_Power Member=Component R55 R0805
Added Member To Class: ClassName=[SCH]_Power Member=Component R56 R0805
Added Member To Class: ClassName=[SCH]_Power Member=Component R57 R0805
