Change Component Footprint: Designator=D3 Old Footprint=DIO-SMD-106 New Footprint=DIO-SMD-123
Change Component Footprint: Designator=D7 Old Footprint=DIO-SMD-106 New Footprint=DIO-SMD-123
Change Component Footprint: Designator=D8 Old Footprint=DIO-SMD-106 New Footprint=DIO-SMD-123
Change component parameters: Designator = "D3"; Footprint = "DIO-SMD-123"; UniqueID = "\IQIWXTEJ"
Change component parameters. Clean all parameters for all variants
Change component parameters (AddParameter): Name = "ComponentLink1Description"; Value = "Datasheet"; VariantName = "[No Variations]"
Change component parameters (AddParameter): Name = "ComponentLink1URL"; Value = "E:\NEW_DATA\ELECTRONIC_DOCUMENT\DATASHEET\1N4001 (2).pdf"; VariantName = "[No Variations]"
Change component parameters (AddParameter): Name = "Price"; Value = "0.006"; VariantName = "[No Variations]"
Change component parameters: Designator = "D7"; Footprint = "DIO-SMD-123"; UniqueID = "\GJJWNONK"
Change component parameters. Clean all parameters for all variants
Change component parameters (AddParameter): Name = "ComponentLink1Description"; Value = "Datasheet"; VariantName = "[No Variations]"
Change component parameters (AddParameter): Name = "ComponentLink1URL"; Value = "E:\NEW_DATA\ELECTRONIC_DOCUMENT\DATASHEET\1N4001 (2).pdf"; VariantName = "[No Variations]"
Change component parameters (AddParameter): Name = "Price"; Value = "0.006"; VariantName = "[No Variations]"
Change component parameters: Designator = "D8"; Footprint = "DIO-SMD-123"; UniqueID = "\SXKKNMLT"
Change component parameters. Clean all parameters for all variants
Change component parameters (AddParameter): Name = "ComponentLink1Description"; Value = "Datasheet"; VariantName = "[No Variations]"
Change component parameters (AddParameter): Name = "ComponentLink1URL"; Value = "E:\NEW_DATA\ELECTRONIC_DOCUMENT\DATASHEET\1N4001 (2).pdf"; VariantName = "[No Variations]"
Change component parameters (AddParameter): Name = "Price"; Value = "0.006"; VariantName = "[No Variations]"
Added Pin To Net: NetName=KEY_DRV_0 Pin=S3-1
Added Pin To Net: NetName=KEY_DRV_0 Pin=S4-1
Added Pin To Net: NetName=KEY_DRV_0 Pin=S5-1
Added Pin To Net: NetName=KEY_DRV_1 Pin=S6-1
Added Pin To Net: NetName=KEY_DRV_1 Pin=S7-1
Added Pin To Net: NetName=KEY_DRV_1 Pin=S8-1
Added Member To Class: ClassName=[SCH]_HMI Member=Component U7 74595
